<?xml version="1.0" encoding="UTF-8"?>
<testng-results ignored="0" total="2" passed="2" failed="0" skipped="0">
  <reporter-output>
  </reporter-output>
  <suite started-at="2024-10-17T09:43:03 IST" name="Default suite" finished-at="2024-10-17T09:43:03 IST" duration-ms="60">
    <groups>
    </groups>
    <test started-at="2024-10-17T09:43:03 IST" name="Default test" finished-at="2024-10-17T09:43:03 IST" duration-ms="60">
      <class name="com.runner.DataProviderTest">
        <test-method signature="verifyLogin(java.lang.String,java.lang.String)[pri:0, instance:com.runner.DataProviderTest@4be29ed9]" started-at="2024-10-17T09:43:03 IST" name="verifyLogin" data-provider="getData" finished-at="2024-10-17T09:43:03 IST" duration-ms="5" status="PASS">
          <params>
            <param index="0">
              <value>
                <![CDATA[nvn@123]]>
              </value>
            </param>
            <param index="1">
              <value>
                <![CDATA[12345]]>
              </value>
            </param>
          </params>
          <reporter-output>
          </reporter-output>
        </test-method> <!-- verifyLogin -->
        <test-method signature="verifyLogin(java.lang.String,java.lang.String)[pri:0, instance:com.runner.DataProviderTest@4be29ed9]" started-at="2024-10-17T09:43:03 IST" name="verifyLogin" data-provider="getData" finished-at="2024-10-17T09:43:03 IST" duration-ms="1" status="PASS">
          <params>
            <param index="0">
              <value>
                <![CDATA[kmr@123]]>
              </value>
            </param>
            <param index="1">
              <value>
                <![CDATA[rweqwtr]]>
              </value>
            </param>
          </params>
          <reporter-output>
          </reporter-output>
        </test-method> <!-- verifyLogin -->
      </class> <!-- com.runner.DataProviderTest -->
    </test> <!-- Default test -->
  </suite> <!-- Default suite -->
</testng-results>
